<testsuites id="" name="" tests="1" failures="1" skipped="0" errors="0" time="1.3932280000000004">
<testsuite name="todo.spec.js" timestamp="2025-05-05T09:17:43.101Z" hostname="chromium" tests="1" failures="1" skipped="0" time="0.009" errors="0">
<testcase name="測試新增待辦事項" classname="todo.spec.js" time="0.009">
<failure message="todo.spec.js:5:1 測試新增待辦事項" type="FAILURE">
<![CDATA[  [chromium] › todo.spec.js:5:1 › 測試新增待辦事項 ─────────────────────────────────────────────────────────

    Error: browserType.launch: Executable doesn't exist at C:\Users\sandy\AppData\Local\ms-playwright\chromium_headless_shell-1161\chrome-win\headless_shell.exe
    ╔═════════════════════════════════════════════════════════════════════════╗
    ║ Looks like Playwright Test or Playwright was just installed or updated. ║
    ║ Please run the following command to download new browsers:              ║
    ║                                                                         ║
    ║     pnpm exec playwright install                                        ║
    ║                                                                         ║
    ║ <3 Playwright Team                                                      ║
    ╚═════════════════════════════════════════════════════════════════════════╝
]]>
</failure>
</testcase>
</testsuite>
</testsuites>